<?xml version="1.0" encoding='UTF-8' standalone='yes' ?>
<TestRun>
  <FailedTests></FailedTests>
  <SuccessfulTests>
    <Test id="1">
      <Name>warehouseTest::test1</Name>
    </Test>
    <Test id="2">
      <Name>warehouseTest::test2</Name>
    </Test>
  </SuccessfulTests>
  <Statistics>
    <Tests>2</Tests>
    <FailuresTotal>0</FailuresTotal>
    <Errors>0</Errors>
    <Failures>0</Failures>
  </Statistics>
</TestRun>
